<?xml version="1.0" encoding="UTF-8"?>
<!-- Generated by org.testng.reporters.JUnitXMLReporter -->
<testsuite ignored="0" hostname="DESKTOP-0J9H01F" failures="1" tests="2" name="Test" time="15.327" errors="0" timestamp="2023-07-01T17:16:57 EDT">
  <testcase classname="com.automationexercise.LearnAutomationFramework.Test.HomePageTest" name="validateTitle" time="0.882">
    <skipped/>
  </testcase> <!-- validateTitle -->
  <testcase classname="com.automationexercise.LearnAutomationFramework.Test.HomePageTest" name="validateTitle" time="0.812">
    <failure type="java.lang.AssertionError" message="incorrect page expected [Automation Exercise - Tops Products] but found [Automation Exercise]">
      <![CDATA[java.lang.AssertionError: incorrect page expected [Automation Exercise - Tops Products] but found [Automation Exercise]
at com.automationexercise.LearnAutomationFramework.Test.HomePageTest.validateTitle(HomePageTest.java:26)
at java.base/java.util.ArrayList.forEach(ArrayList.java:1541)
... Removed 32 stack frames]]>
    </failure>
  </testcase> <!-- validateTitle -->
</testsuite> <!-- Test -->
